#! /usr/bin/vvp
:ivl_version "12.0 (stable)";
:ivl_delay_selection "TYPICAL";
:vpi_time_precision + 0;
:vpi_module "/usr/lib/x86_64-linux-gnu/ivl/system.vpi";
:vpi_module "/usr/lib/x86_64-linux-gnu/ivl/vhdl_sys.vpi";
:vpi_module "/usr/lib/x86_64-linux-gnu/ivl/vhdl_textio.vpi";
:vpi_module "/usr/lib/x86_64-linux-gnu/ivl/v2005_math.vpi";
:vpi_module "/usr/lib/x86_64-linux-gnu/ivl/va_math.vpi";
S_0x6427684bbd00 .scope module, "execute_stage_tb" "execute_stage_tb" 2 1;
 .timescale 0 0;
v0x6427684fb800_0 .net "alu_result", 31 0, L_0x6427684fc690;  1 drivers
v0x6427684fb8c0_0 .var "clk", 0 0;
v0x6427684fb9b0_0 .var "instruction", 31 0;
S_0x6427684bec50 .scope module, "dut" "execute_stage" 2 9, 3 1 0, S_0x6427684bbd00;
 .timescale 0 0;
    .port_info 0 /INPUT 1 "clk";
    .port_info 1 /INPUT 32 "instruction";
    .port_info 2 /OUTPUT 32 "alu_result";
L_0x6427684fc690 .functor BUFZ 32, v0x6427684f8410_0, C4<00000000000000000000000000000000>, C4<00000000000000000000000000000000>, C4<00000000000000000000000000000000>;
v0x6427684fa880_0 .net "addr", 25 0, L_0x6427684fc020;  1 drivers
v0x6427684fa990_0 .net "alu_result", 31 0, L_0x6427684fc690;  alias, 1 drivers
v0x6427684faa50_0 .net "alu_write_result", 31 0, v0x6427684f8410_0;  1 drivers
v0x6427684fab20_0 .net "alucontrol", 2 0, v0x6427684f8800_0;  1 drivers
v0x6427684fac30_0 .net "clk", 0 0, v0x6427684fb8c0_0;  1 drivers
v0x6427684fad20_0 .net "func", 5 0, L_0x6427684fbe50;  1 drivers
v0x6427684fae10_0 .net "imm", 15 0, L_0x6427684fbf30;  1 drivers
v0x6427684faed0_0 .net "instruction", 31 0, v0x6427684fb9b0_0;  1 drivers
v0x6427684faf70_0 .net "opcode", 5 0, L_0x6427684fbaa0;  1 drivers
v0x6427684fb0a0_0 .net "rd", 4 0, L_0x6427684fbd10;  1 drivers
v0x6427684fb1b0_0 .net "read_data1", 31 0, L_0x6427684fc2f0;  1 drivers
v0x6427684fb2c0_0 .net "read_data2", 31 0, L_0x6427684fc5d0;  1 drivers
v0x6427684fb3d0_0 .net "reg_write", 0 0, v0x6427684f8a60_0;  1 drivers
v0x6427684fb4c0_0 .net "rs", 4 0, L_0x6427684fbb40;  1 drivers
v0x6427684fb5d0_0 .net "rt", 4 0, L_0x6427684fbc70;  1 drivers
v0x6427684fb6e0_0 .net "shamt", 4 0, L_0x6427684fbdb0;  1 drivers
S_0x6427684bfa70 .scope module, "alu_hard" "alu" 3 55, 4 1 0, S_0x6427684bec50;
 .timescale 0 0;
    .port_info 0 /INPUT 32 "a";
    .port_info 1 /INPUT 32 "b";
    .port_info 2 /INPUT 3 "alucontrol";
    .port_info 3 /OUTPUT 32 "result";
v0x6427684ce4d0_0 .net "a", 31 0, L_0x6427684fc2f0;  alias, 1 drivers
v0x6427684f8270_0 .net "alucontrol", 2 0, v0x6427684f8800_0;  alias, 1 drivers
v0x6427684f8350_0 .net "b", 31 0, L_0x6427684fc5d0;  alias, 1 drivers
v0x6427684f8410_0 .var "result", 31 0;
E_0x6427684d0660 .event anyedge, v0x6427684f8270_0, v0x6427684ce4d0_0, v0x6427684f8350_0;
S_0x6427684f8570 .scope module, "control_hard" "control_unit" 3 35, 5 1 0, S_0x6427684bec50;
 .timescale 0 0;
    .port_info 0 /INPUT 6 "opcode";
    .port_info 1 /INPUT 6 "funct";
    .port_info 2 /OUTPUT 1 "reg_write";
    .port_info 3 /OUTPUT 3 "alucontrol";
v0x6427684f8800_0 .var "alucontrol", 2 0;
v0x6427684f88e0_0 .net "funct", 5 0, L_0x6427684fbe50;  alias, 1 drivers
v0x6427684f89a0_0 .net "opcode", 5 0, L_0x6427684fbaa0;  alias, 1 drivers
v0x6427684f8a60_0 .var "reg_write", 0 0;
E_0x6427684d01f0 .event anyedge, v0x6427684f89a0_0, v0x6427684f88e0_0;
S_0x6427684f8bd0 .scope module, "decode_hard" "decode" 3 24, 6 1 0, S_0x6427684bec50;
 .timescale 0 0;
    .port_info 0 /INPUT 32 "instruction";
    .port_info 1 /OUTPUT 5 "rs";
    .port_info 2 /OUTPUT 5 "rt";
    .port_info 3 /OUTPUT 5 "rd";
    .port_info 4 /OUTPUT 6 "func";
    .port_info 5 /OUTPUT 6 "opcode";
    .port_info 6 /OUTPUT 16 "imm";
    .port_info 7 /OUTPUT 5 "shamt";
    .port_info 8 /OUTPUT 26 "addr";
v0x6427684f8ee0_0 .net "addr", 25 0, L_0x6427684fc020;  alias, 1 drivers
v0x6427684f8fc0_0 .net "func", 5 0, L_0x6427684fbe50;  alias, 1 drivers
v0x6427684f90b0_0 .net "imm", 15 0, L_0x6427684fbf30;  alias, 1 drivers
v0x6427684f9180_0 .net "instruction", 31 0, v0x6427684fb9b0_0;  alias, 1 drivers
v0x6427684f9260_0 .net "opcode", 5 0, L_0x6427684fbaa0;  alias, 1 drivers
v0x6427684f9370_0 .net "rd", 4 0, L_0x6427684fbd10;  alias, 1 drivers
v0x6427684f9430_0 .net "rs", 4 0, L_0x6427684fbb40;  alias, 1 drivers
v0x6427684f9510_0 .net "rt", 4 0, L_0x6427684fbc70;  alias, 1 drivers
v0x6427684f95f0_0 .net "shamt", 4 0, L_0x6427684fbdb0;  alias, 1 drivers
L_0x6427684fbaa0 .part v0x6427684fb9b0_0, 26, 6;
L_0x6427684fbb40 .part v0x6427684fb9b0_0, 21, 5;
L_0x6427684fbc70 .part v0x6427684fb9b0_0, 16, 5;
L_0x6427684fbd10 .part v0x6427684fb9b0_0, 11, 5;
L_0x6427684fbdb0 .part v0x6427684fb9b0_0, 6, 5;
L_0x6427684fbe50 .part v0x6427684fb9b0_0, 0, 6;
L_0x6427684fbf30 .part v0x6427684fb9b0_0, 0, 16;
L_0x6427684fc020 .part v0x6427684fb9b0_0, 0, 26;
S_0x6427684f97f0 .scope module, "register_hard" "register" 3 41, 7 1 0, S_0x6427684bec50;
 .timescale 0 0;
    .port_info 0 /INPUT 1 "clk";
    .port_info 1 /INPUT 1 "reg_write";
    .port_info 2 /INPUT 5 "read_reg1";
    .port_info 3 /INPUT 5 "read_reg2";
    .port_info 4 /INPUT 5 "write_reg";
    .port_info 5 /INPUT 32 "write_data";
    .port_info 6 /OUTPUT 32 "read_data1";
    .port_info 7 /OUTPUT 32 "read_data2";
L_0x6427684fc2f0 .functor BUFZ 32, L_0x6427684fc160, C4<00000000000000000000000000000000>, C4<00000000000000000000000000000000>, C4<00000000000000000000000000000000>;
L_0x6427684fc5d0 .functor BUFZ 32, L_0x6427684fc3b0, C4<00000000000000000000000000000000>, C4<00000000000000000000000000000000>, C4<00000000000000000000000000000000>;
v0x6427684f9ae0_0 .net *"_ivl_0", 31 0, L_0x6427684fc160;  1 drivers
v0x6427684f9be0_0 .net *"_ivl_10", 6 0, L_0x6427684fc450;  1 drivers
L_0x75b367fb7060 .functor BUFT 1, C4<00>, C4<0>, C4<0>, C4<0>;
v0x6427684f9cc0_0 .net *"_ivl_13", 1 0, L_0x75b367fb7060;  1 drivers
v0x6427684f9db0_0 .net *"_ivl_2", 6 0, L_0x6427684fc200;  1 drivers
L_0x75b367fb7018 .functor BUFT 1, C4<00>, C4<0>, C4<0>, C4<0>;
v0x6427684f9e90_0 .net *"_ivl_5", 1 0, L_0x75b367fb7018;  1 drivers
v0x6427684f9fc0_0 .net *"_ivl_8", 31 0, L_0x6427684fc3b0;  1 drivers
v0x6427684fa0a0_0 .net "clk", 0 0, v0x6427684fb8c0_0;  alias, 1 drivers
v0x6427684fa160_0 .net "read_data1", 31 0, L_0x6427684fc2f0;  alias, 1 drivers
v0x6427684fa220_0 .net "read_data2", 31 0, L_0x6427684fc5d0;  alias, 1 drivers
v0x6427684fa2f0_0 .net "read_reg1", 4 0, L_0x6427684fbb40;  alias, 1 drivers
v0x6427684fa3c0_0 .net "read_reg2", 4 0, L_0x6427684fbc70;  alias, 1 drivers
v0x6427684fa490_0 .net "reg_write", 0 0, v0x6427684f8a60_0;  alias, 1 drivers
v0x6427684fa560 .array "registers", 31 0, 31 0;
v0x6427684fa600_0 .net "write_data", 31 0, v0x6427684f8410_0;  alias, 1 drivers
v0x6427684fa6d0_0 .net "write_reg", 4 0, L_0x6427684fbd10;  alias, 1 drivers
E_0x6427684d0ae0 .event posedge, v0x6427684fa0a0_0;
L_0x6427684fc160 .array/port v0x6427684fa560, L_0x6427684fc200;
L_0x6427684fc200 .concat [ 5 2 0 0], L_0x6427684fbb40, L_0x75b367fb7018;
L_0x6427684fc3b0 .array/port v0x6427684fa560, L_0x6427684fc450;
L_0x6427684fc450 .concat [ 5 2 0 0], L_0x6427684fbc70, L_0x75b367fb7060;
    .scope S_0x6427684f8570;
T_0 ;
    %wait E_0x6427684d01f0;
    %pushi/vec4 0, 0, 1;
    %store/vec4 v0x6427684f8a60_0, 0, 1;
    %pushi/vec4 0, 0, 3;
    %store/vec4 v0x6427684f8800_0, 0, 3;
    %load/vec4 v0x6427684f89a0_0;
    %dup/vec4;
    %pushi/vec4 0, 0, 6;
    %cmp/u;
    %jmp/1 T_0.0, 6;
    %pushi/vec4 0, 0, 1;
    %store/vec4 v0x6427684f8a60_0, 0, 1;
    %pushi/vec4 0, 0, 3;
    %store/vec4 v0x6427684f8800_0, 0, 3;
    %jmp T_0.2;
T_0.0 ;
    %pushi/vec4 1, 0, 1;
    %store/vec4 v0x6427684f8a60_0, 0, 1;
    %load/vec4 v0x6427684f88e0_0;
    %dup/vec4;
    %pushi/vec4 32, 0, 6;
    %cmp/u;
    %jmp/1 T_0.3, 6;
    %dup/vec4;
    %pushi/vec4 34, 0, 6;
    %cmp/u;
    %jmp/1 T_0.4, 6;
    %dup/vec4;
    %pushi/vec4 36, 0, 6;
    %cmp/u;
    %jmp/1 T_0.5, 6;
    %dup/vec4;
    %pushi/vec4 37, 0, 6;
    %cmp/u;
    %jmp/1 T_0.6, 6;
    %dup/vec4;
    %pushi/vec4 38, 0, 6;
    %cmp/u;
    %jmp/1 T_0.7, 6;
    %dup/vec4;
    %pushi/vec4 42, 0, 6;
    %cmp/u;
    %jmp/1 T_0.8, 6;
    %pushi/vec4 0, 0, 3;
    %store/vec4 v0x6427684f8800_0, 0, 3;
    %jmp T_0.10;
T_0.3 ;
    %pushi/vec4 0, 0, 3;
    %store/vec4 v0x6427684f8800_0, 0, 3;
    %jmp T_0.10;
T_0.4 ;
    %pushi/vec4 1, 0, 3;
    %store/vec4 v0x6427684f8800_0, 0, 3;
    %jmp T_0.10;
T_0.5 ;
    %pushi/vec4 2, 0, 3;
    %store/vec4 v0x6427684f8800_0, 0, 3;
    %jmp T_0.10;
T_0.6 ;
    %pushi/vec4 3, 0, 3;
    %store/vec4 v0x6427684f8800_0, 0, 3;
    %jmp T_0.10;
T_0.7 ;
    %pushi/vec4 4, 0, 3;
    %store/vec4 v0x6427684f8800_0, 0, 3;
    %jmp T_0.10;
T_0.8 ;
    %pushi/vec4 5, 0, 3;
    %store/vec4 v0x6427684f8800_0, 0, 3;
    %jmp T_0.10;
T_0.10 ;
    %pop/vec4 1;
    %jmp T_0.2;
T_0.2 ;
    %pop/vec4 1;
    %jmp T_0;
    .thread T_0, $push;
    .scope S_0x6427684f97f0;
T_1 ;
    %wait E_0x6427684d0ae0;
    %load/vec4 v0x6427684fa490_0;
    %flag_set/vec4 9;
    %flag_get/vec4 9;
    %jmp/0 T_1.2, 9;
    %load/vec4 v0x6427684fa6d0_0;
    %pad/u 32;
    %pushi/vec4 0, 0, 32;
    %cmp/ne;
    %flag_get/vec4 4;
    %and;
T_1.2;
    %flag_set/vec4 8;
    %jmp/0xz  T_1.0, 8;
    %load/vec4 v0x6427684fa600_0;
    %load/vec4 v0x6427684fa6d0_0;
    %pad/u 7;
    %ix/vec4 3;
    %ix/load 4, 0, 0; Constant delay
    %assign/vec4/a/d v0x6427684fa560, 0, 4;
T_1.0 ;
    %jmp T_1;
    .thread T_1;
    .scope S_0x6427684bfa70;
T_2 ;
    %wait E_0x6427684d0660;
    %load/vec4 v0x6427684f8270_0;
    %dup/vec4;
    %pushi/vec4 0, 0, 3;
    %cmp/u;
    %jmp/1 T_2.0, 6;
    %dup/vec4;
    %pushi/vec4 1, 0, 3;
    %cmp/u;
    %jmp/1 T_2.1, 6;
    %dup/vec4;
    %pushi/vec4 2, 0, 3;
    %cmp/u;
    %jmp/1 T_2.2, 6;
    %dup/vec4;
    %pushi/vec4 3, 0, 3;
    %cmp/u;
    %jmp/1 T_2.3, 6;
    %dup/vec4;
    %pushi/vec4 4, 0, 3;
    %cmp/u;
    %jmp/1 T_2.4, 6;
    %dup/vec4;
    %pushi/vec4 5, 0, 3;
    %cmp/u;
    %jmp/1 T_2.5, 6;
    %pushi/vec4 0, 0, 32;
    %store/vec4 v0x6427684f8410_0, 0, 32;
    %jmp T_2.7;
T_2.0 ;
    %load/vec4 v0x6427684ce4d0_0;
    %load/vec4 v0x6427684f8350_0;
    %add;
    %store/vec4 v0x6427684f8410_0, 0, 32;
    %jmp T_2.7;
T_2.1 ;
    %load/vec4 v0x6427684ce4d0_0;
    %load/vec4 v0x6427684f8350_0;
    %sub;
    %store/vec4 v0x6427684f8410_0, 0, 32;
    %jmp T_2.7;
T_2.2 ;
    %load/vec4 v0x6427684ce4d0_0;
    %load/vec4 v0x6427684f8350_0;
    %and;
    %store/vec4 v0x6427684f8410_0, 0, 32;
    %jmp T_2.7;
T_2.3 ;
    %load/vec4 v0x6427684ce4d0_0;
    %load/vec4 v0x6427684f8350_0;
    %or;
    %store/vec4 v0x6427684f8410_0, 0, 32;
    %jmp T_2.7;
T_2.4 ;
    %load/vec4 v0x6427684ce4d0_0;
    %load/vec4 v0x6427684f8350_0;
    %xor;
    %store/vec4 v0x6427684f8410_0, 0, 32;
    %jmp T_2.7;
T_2.5 ;
    %load/vec4 v0x6427684ce4d0_0;
    %load/vec4 v0x6427684f8350_0;
    %cmp/u;
    %flag_mov 8, 5;
    %jmp/0 T_2.8, 8;
    %pushi/vec4 1, 0, 32;
    %jmp/1 T_2.9, 8;
T_2.8 ; End of true expr.
    %pushi/vec4 0, 0, 32;
    %jmp/0 T_2.9, 8;
 ; End of false expr.
    %blend;
T_2.9;
    %store/vec4 v0x6427684f8410_0, 0, 32;
    %jmp T_2.7;
T_2.7 ;
    %pop/vec4 1;
    %jmp T_2;
    .thread T_2, $push;
    .scope S_0x6427684bbd00;
T_3 ;
    %delay 5, 0;
    %load/vec4 v0x6427684fb8c0_0;
    %inv;
    %store/vec4 v0x6427684fb8c0_0, 0, 1;
    %jmp T_3;
    .thread T_3;
    .scope S_0x6427684bbd00;
T_4 ;
    %vpi_call 2 19 "$dumpfile", "waveforms/execute_stage.vcd" {0 0 0};
    %vpi_call 2 20 "$dumpvars", 32'sb00000000000000000000000000000000, S_0x6427684bbd00 {0 0 0};
    %pushi/vec4 0, 0, 1;
    %store/vec4 v0x6427684fb8c0_0, 0, 1;
    %pushi/vec4 0, 0, 32;
    %store/vec4 v0x6427684fb9b0_0, 0, 32;
    %pushi/vec4 10, 0, 32;
    %ix/load 4, 8, 0;
    %flag_set/imm 4, 0;
    %store/vec4a v0x6427684fa560, 4, 0;
    %pushi/vec4 5, 0, 32;
    %ix/load 4, 9, 0;
    %flag_set/imm 4, 0;
    %store/vec4a v0x6427684fa560, 4, 0;
    %delay 10, 0;
    %pushi/vec4 17387552, 0, 32;
    %store/vec4 v0x6427684fb9b0_0, 0, 32;
    %delay 20, 0;
    %vpi_call 2 35 "$finish" {0 0 0};
    %end;
    .thread T_4;
# The file index is used to find the file name in the following table.
:file_names 8;
    "N/A";
    "<interactive>";
    "tb/execute_stage_tb.v";
    "rtl/top/execute_stage.v";
    "rtl/core/alu.v";
    "rtl/core/control_unit.v";
    "rtl/core/instruction_decode.v";
    "rtl/core/regfile.v";
